<?xml version="1.0" encoding="UTF-8"?>
<!-- Generated by org.testng.reporters.JUnitXMLReporter -->
<testsuite ignored="0" hostname="Johnys-MacBook-Pro.local" failures="1" tests="2" name="Command line test" time="0.039" errors="0" timestamp="2022-09-06T15:58:36 SGT">
  <testcase classname="TestListenersDemo" name="testPrint" time="0.001"/>
  <testcase classname="Test1" name="testSample" time="0.0">
    <failure type="org.testng.TestNGException" message="
Parameter &amp;apos;TestParam&amp;apos; is required by @Test on method testSample but has not been marked @Optional or defined
">
      <![CDATA[org.testng.TestNGException: 
Parameter 'TestParam' is required by @Test on method testSample but has not been marked @Optional or defined

at java.base/java.util.ArrayList.forEach(ArrayList.java:1511)
... Removed 36 stack frames]]>
    </failure>
  </testcase> <!-- testSample -->
</testsuite> <!-- Command line test -->
